<?xml version="1.0" encoding="UTF-8"?>
<!-- Generated by org.testng.reporters.JUnitReportReporter -->
<testsuite hostname="user-PC" failures="0" tests="1" name="nobroker.NoBroker.RentProperty" time="64.635" errors="0" timestamp="6 Jul 2021 13:52:42 GMT">
  <testcase classname="nobroker.NoBroker.RentProperty" name="verifyAbuseReport_RentProperty" time="64.635"/>
</testsuite> <!-- nobroker.NoBroker.RentProperty -->
